Der Buildvorgang wurde am 12/27/2012 12:54:01 AM gestartet.
     1>Projekt "C:\Users\Sedat\Documents\Visual Studio 2010\Projects\Win32Window\Win32Window\Win32Window.vcxproj" auf Knoten "2", build Ziel(e).
     1>InitializeBuildStatus:
         "Release\Win32Window.unsuccessfulbuild" wird erstellt, da "AlwaysCreate" angegeben wurde.
       ClCompile:
         c:\Program Files (x86)\Microsoft Visual Studio 10.0\VC\bin\CL.exe /c /Zi /nologo /W3 /WX- /O2 /Oi /Oy- /GL /D _MBCS /Gm- /EHsc /MD /GS /Gy /fp:precise /Zc:wchar_t /Zc:forScope /Fo"Release\\" /Fd"Release\vc100.pdb" /Gd /TP /analyze- /errorReport:prompt main.cpp
         main.cpp
       Link:
         c:\Program Files (x86)\Microsoft Visual Studio 10.0\VC\bin\link.exe /ERRORREPORT:PROMPT /OUT:"C:\Users\Sedat\Documents\Visual Studio 2010\Projects\Win32Window\Release\Win32Window.exe" /NOLOGO kernel32.lib user32.lib gdi32.lib winspool.lib comdlg32.lib advapi32.lib shell32.lib ole32.lib oleaut32.lib uuid.lib odbc32.lib odbccp32.lib /MANIFEST /ManifestFile:"Release\Win32Window.exe.intermediate.manifest" /MANIFESTUAC:"level='asInvoker' uiAccess='false'" /DEBUG /PDB:"C:\Users\Sedat\Documents\Visual Studio 2010\Projects\Win32Window\Release\Win32Window.pdb" /OPT:REF /OPT:ICF /LTCG /TLBID:1 /DYNAMICBASE /NXCOMPAT /IMPLIB:"C:\Users\Sedat\Documents\Visual Studio 2010\Projects\Win32Window\Release\Win32Window.lib" /MACHINE:X86 Release\main.obj
         Code wird generiert.
         Codegenerierung ist abgeschlossen.
         Win32Window.vcxproj -> C:\Users\Sedat\Documents\Visual Studio 2010\Projects\Win32Window\Release\Win32Window.exe
       Manifest:
         C:\Program Files (x86)\Microsoft SDKs\Windows\v7.0A\bin\mt.exe /nologo /verbose /outputresource:"C:\Users\Sedat\Documents\Visual Studio 2010\Projects\Win32Window\Release\Win32Window.exe;#1" /manifest Release\Win32Window.exe.intermediate.manifest
       FinalizeBuildStatus:
         Die Datei "Release\Win32Window.unsuccessfulbuild" wird gelöscht.
         Aktualisieren des Timestamps von "Release\Win32Window.lastbuildstate".
     1>Die Erstellung des Projekts "C:\Users\Sedat\Documents\Visual Studio 2010\Projects\Win32Window\Win32Window\Win32Window.vcxproj" ist abgeschlossen, build Ziel(e).

Das Erstellen war erfolgreich.

Verstrichene Zeit 00:00:05.21
