Der Buildvorgang wurde am 12/27/2012 2:49:51 AM gestartet.
     1>Projekt "C:\Users\Sedat\Documents\Visual Studio 2010\Projects\Win32Window\Win32Window\Win32Window.vcxproj" auf Knoten "2", build Ziel(e).
     1>InitializeBuildStatus:
         "Debug\Win32Window.unsuccessfulbuild" wird erstellt, da "AlwaysCreate" angegeben wurde.
       ClCompile:
         c:\Program Files (x86)\Microsoft Visual Studio 10.0\VC\bin\CL.exe /c /ZI /nologo /W3 /WX- /Od /Oy- /D _MBCS /Gm /EHsc /RTC1 /MDd /GS /fp:precise /Zc:wchar_t /Zc:forScope /Fo"Debug\\" /Fd"Debug\vc100.pdb" /Gd /TP /analyze- /errorReport:prompt main.cpp
         main.cpp
       Link:
         c:\Program Files (x86)\Microsoft Visual Studio 10.0\VC\bin\link.exe /ERRORREPORT:PROMPT /OUT:"C:\Users\Sedat\Documents\Visual Studio 2010\Projects\Win32Window\Debug\Win32Window.exe" /NOLOGO /LIBPATH:"C:\Users\Sedat\Documents\Visual Studio 2010\Projects\Win32Window\Win32Window\lib-msvc100" OpenGL32.lib GLFW.lib Glu32.lib kernel32.lib user32.lib gdi32.lib winspool.lib comdlg32.lib advapi32.lib shell32.lib ole32.lib oleaut32.lib uuid.lib odbc32.lib odbccp32.lib /MANIFEST /ManifestFile:"Debug\Win32Window.exe.intermediate.manifest" /MANIFESTUAC:"level='asInvoker' uiAccess='false'" /DEBUG /PDB:"C:\Users\Sedat\Documents\Visual Studio 2010\Projects\Win32Window\Debug\Win32Window.pdb" /TLBID:1 /DYNAMICBASE /NXCOMPAT /IMPLIB:"C:\Users\Sedat\Documents\Visual Studio 2010\Projects\Win32Window\Debug\Win32Window.lib" /MACHINE:X86 Debug\main.obj
         Debug\Person.obj
         LINK : C:\Users\Sedat\Documents\Visual Studio 2010\Projects\Win32Window\Debug\Win32Window.exe wurde nicht gefunden oder beim letzten inkrementellen Linkvorgang nicht erstellt; vollständiger Link wird durchgeführt.
         Win32Window.vcxproj -> C:\Users\Sedat\Documents\Visual Studio 2010\Projects\Win32Window\Debug\Win32Window.exe
       Manifest:
         C:\Program Files (x86)\Microsoft SDKs\Windows\v7.0A\bin\mt.exe /nologo /verbose /outputresource:"C:\Users\Sedat\Documents\Visual Studio 2010\Projects\Win32Window\Debug\Win32Window.exe;#1" /manifest Debug\Win32Window.exe.intermediate.manifest
       FinalizeBuildStatus:
         Die Datei "Debug\Win32Window.unsuccessfulbuild" wird gelöscht.
         Aktualisieren des Timestamps von "Debug\Win32Window.lastbuildstate".
     1>Die Erstellung des Projekts "C:\Users\Sedat\Documents\Visual Studio 2010\Projects\Win32Window\Win32Window\Win32Window.vcxproj" ist abgeschlossen, build Ziel(e).

Das Erstellen war erfolgreich.

Verstrichene Zeit 00:00:01.77
